<?xml version="1.0" encoding="UTF-8"?>
<!-- Generated by org.testng.reporters.JUnitXMLReporter -->
<testsuite hostname="IN-IT1113" ignored="5" name="RegresssionTests" tests="2" failures="0" timestamp="29 Apr 2019 08:30:18 GMT" time="4.279" errors="0">
  <testcase name="@BeforeClass initialzePageObjectsAndMethodsInLoginPage" time="0.004" classname="com.qa.AmazonTestCases.ProductTest">
    <failure type="java.lang.NullPointerException">
      <![CDATA[java.lang.NullPointerException
at com.qa.AmazonTestCases.ProductTest.initialzePageObjectsAndMethodsInLoginPage(ProductTest.java:39)
... Removed 26 stack frames]]>
    </failure>
  </testcase> <!-- @BeforeClass initialzePageObjectsAndMethodsInLoginPage -->
  <testcase name="clickOnGivenTextOnSearchBox" time="0.0" classname="com.qa.AmazonTestCases.ProductTest">
    <skipped/>
  </testcase> <!-- clickOnGivenTextOnSearchBox -->
  <testcase name="clickOnShopByCategoryOption" time="1.194" classname="com.qa.AmazonTestCases.AmazonHomePageAfterSignInTest"/>
  <testcase name="@BeforeSuite startDriver" time="0.0" classname="com.qa.AmazonTestCases.StartStopDriverTest">
    <ignored/>
  </testcase> <!-- @BeforeSuite startDriver -->
  <testcase name="printText" time="0.0" classname="com.qa.AmazonTestCases.ProductTest">
    <ignored/>
  </testcase> <!-- printText -->
  <testcase name="@AfterSuite closeDriver" time="0.0" classname="com.qa.AmazonTestCases.StartStopDriverTest">
    <ignored/>
  </testcase> <!-- @AfterSuite closeDriver -->
  <testcase name="printtextInSignPage" time="0.0" classname="com.qa.AmazonTestCases.AmazonHomePageAfterSignInTest">
    <ignored/>
  </testcase> <!-- printtextInSignPage -->
  <testcase name="validateContentOnHomePage" time="0.0" classname="com.qa.AmazonTestCases.AmazonHomePageAfterSignInTest">
    <ignored/>
  </testcase> <!-- validateContentOnHomePage -->
</testsuite> <!-- RegresssionTests -->
