<?xml version="1.0" encoding="UTF-8"?>
<testng-results skipped="0" failed="0" ignored="0" total="2" passed="2">
  <reporter-output>
  </reporter-output>
  <suite name="Default suite" duration-ms="35964" started-at="2019-04-29T08:31:40Z" finished-at="2019-04-29T08:32:16Z">
    <groups>
      <group name="regression">
        <method signature="ProductTest.clickOnGivenTextOnSearchBox()[pri:0, instance:com.qa.AmazonTestCases.ProductTest@5e0826e7]" name="clickOnGivenTextOnSearchBox" class="com.qa.AmazonTestCases.ProductTest"/>
      </group> <!-- regression -->
      <group name="smoke">
        <method signature="ProductTest.printText()[pri:0, instance:com.qa.AmazonTestCases.ProductTest@5e0826e7]" name="printText" class="com.qa.AmazonTestCases.ProductTest"/>
      </group> <!-- smoke -->
    </groups>
    <test name="Default test" duration-ms="35964" started-at="2019-04-29T08:31:40Z" finished-at="2019-04-29T08:32:16Z">
      <class name="com.qa.AmazonTestCases.ProductTest">
        <test-method status="PASS" signature="startDriver()[pri:0, instance:com.qa.AmazonTestCases.ProductTest@5e0826e7]" name="startDriver" is-config="true" duration-ms="4260" started-at="2019-04-29T08:31:36Z" finished-at="2019-04-29T08:31:40Z">
          <reporter-output>
          </reporter-output>
        </test-method> <!-- startDriver -->
        <test-method status="PASS" signature="setUpSuite()[pri:0, instance:com.qa.AmazonTestCases.ProductTest@5e0826e7]" name="setUpSuite" is-config="true" duration-ms="136" started-at="2019-04-29T08:31:40Z" finished-at="2019-04-29T08:31:40Z">
          <reporter-output>
          </reporter-output>
        </test-method> <!-- setUpSuite -->
        <test-method status="PASS" signature="initialzePageObjectsAndMethodsInLoginPage()[pri:0, instance:com.qa.AmazonTestCases.ProductTest@5e0826e7]" name="initialzePageObjectsAndMethodsInLoginPage" is-config="true" duration-ms="2784" started-at="2019-04-29T08:31:40Z" finished-at="2019-04-29T08:31:43Z">
          <reporter-output>
          </reporter-output>
        </test-method> <!-- initialzePageObjectsAndMethodsInLoginPage -->
        <test-method status="PASS" signature="clickOnGivenTextOnSearchBox()[pri:0, instance:com.qa.AmazonTestCases.ProductTest@5e0826e7]" name="clickOnGivenTextOnSearchBox" duration-ms="31573" started-at="2019-04-29T08:31:43Z" finished-at="2019-04-29T08:32:15Z">
          <reporter-output>
          </reporter-output>
        </test-method> <!-- clickOnGivenTextOnSearchBox -->
        <test-method status="PASS" signature="tearDown(org.testng.ITestResult)[pri:0, instance:com.qa.AmazonTestCases.ProductTest@5e0826e7]" name="tearDown" is-config="true" duration-ms="855" started-at="2019-04-29T08:32:15Z" finished-at="2019-04-29T08:32:16Z">
          <params>
            <param index="0">
              <value>
                <![CDATA[[TestResult name=clickOnGivenTextOnSearchBox status=SUCCESS method=ProductTest.clickOnGivenTextOnSearchBox()[pri:0, instance:com.qa.AmazonTestCases.ProductTest@5e0826e7] output={null}]]]>
              </value>
            </param>
          </params>
          <reporter-output>
          </reporter-output>
        </test-method> <!-- tearDown -->
        <test-method status="PASS" signature="printText()[pri:0, instance:com.qa.AmazonTestCases.ProductTest@5e0826e7]" name="printText" duration-ms="5" started-at="2019-04-29T08:32:16Z" finished-at="2019-04-29T08:32:16Z">
          <reporter-output>
          </reporter-output>
        </test-method> <!-- printText -->
        <test-method status="PASS" signature="tearDown(org.testng.ITestResult)[pri:0, instance:com.qa.AmazonTestCases.ProductTest@5e0826e7]" name="tearDown" is-config="true" duration-ms="451" started-at="2019-04-29T08:32:16Z" finished-at="2019-04-29T08:32:16Z">
          <params>
            <param index="0">
              <value>
                <![CDATA[[TestResult name=printText status=SUCCESS method=ProductTest.printText()[pri:0, instance:com.qa.AmazonTestCases.ProductTest@5e0826e7] output={null}]]]>
              </value>
            </param>
          </params>
          <reporter-output>
          </reporter-output>
        </test-method> <!-- tearDown -->
        <test-method status="PASS" signature="closeDriver()[pri:0, instance:com.qa.AmazonTestCases.ProductTest@5e0826e7]" name="closeDriver" is-config="true" duration-ms="2108" started-at="2019-04-29T08:32:16Z" finished-at="2019-04-29T08:32:18Z">
          <reporter-output>
          </reporter-output>
        </test-method> <!-- closeDriver -->
      </class> <!-- com.qa.AmazonTestCases.ProductTest -->
    </test> <!-- Default test -->
  </suite> <!-- Default suite -->
</testng-results>
